<?xml version="1.0" encoding="UTF-8"?>
<testsuite name="com.redox.notification.service.connector.NotificationServiceConnectorTest" tests="1" skipped="1" failures="0" errors="0" timestamp="2017-03-02T15:45:13" hostname="HP-PC" time="0.0">
  <properties/>
  <testcase name="testSendNotification" classname="com.redox.notification.service.connector.NotificationServiceConnectorTest" time="0.0">
    <skipped/>
  </testcase>
  <system-out><![CDATA[]]></system-out>
  <system-err><![CDATA[]]></system-err>
</testsuite>
